<?xml version="1.0" encoding="UTF-8"?>
<testng-results ignored="0" total="1" passed="1" failed="0" skipped="0">
  <reporter-output>
  </reporter-output>
  <suite started-at="2022-09-23T16:55:26 BDT" name="Default suite" finished-at="2022-09-23T16:56:27 BDT" duration-ms="60509">
    <groups>
    </groups>
    <test started-at="2022-09-23T16:55:26 BDT" name="Default test" finished-at="2022-09-23T16:56:27 BDT" duration-ms="60509">
      <class name="Testcase.TC001">
        <test-method is-config="true" signature="setDriver()[pri:0, instance:Testcase.TC001@71e9ebae]" started-at="2022-09-23T16:55:24 BDT" name="setDriver" finished-at="2022-09-23T16:55:26 BDT" duration-ms="2356" status="PASS">
          <reporter-output>
          </reporter-output>
        </test-method> <!-- setDriver -->
        <test-method signature="locatorLearning()[pri:0, instance:Testcase.TC001@71e9ebae]" started-at="2022-09-23T16:55:26 BDT" name="locatorLearning" finished-at="2022-09-23T16:56:26 BDT" duration-ms="60368" status="PASS">
          <reporter-output>
          </reporter-output>
        </test-method> <!-- locatorLearning -->
        <test-method is-config="true" signature="closeWindows()[pri:0, instance:Testcase.TC001@71e9ebae]" started-at="2022-09-23T16:56:27 BDT" name="closeWindows" finished-at="2022-09-23T16:56:27 BDT" duration-ms="311" status="PASS">
          <reporter-output>
          </reporter-output>
        </test-method> <!-- closeWindows -->
      </class> <!-- Testcase.TC001 -->
    </test> <!-- Default test -->
  </suite> <!-- Default suite -->
</testng-results>
